<?xml version="1.0" encoding="UTF-8"?>
<!-- Generated by org.testng.reporters.JUnitXMLReporter -->
<testsuite hostname="CNTR0019" ignored="0" name="Command line test" tests="8" failures="4" timestamp="2022-05-25T09:02:32 EET" time="75.438" errors="0">
  <testcase name="APL_Daily_Success" time="12.191" classname="Test.USA401_Test">
    <failure type="java.lang.AssertionError" message="No Production">
      <![CDATA[java.lang.AssertionError: No Production
at Test.USA401_Test.APL_Daily_Success(USA401_Test.java:50)
at java.util.ArrayList.forEach(ArrayList.java:1259)
... Removed 37 stack frames]]>
    </failure>
  </testcase> <!-- APL_Daily_Success -->
  <testcase name="ASL_Daily_Success" time="6.347" classname="Test.USA401_Test">
    <failure type="java.lang.AssertionError" message="No Production">
      <![CDATA[java.lang.AssertionError: No Production
at Test.USA401_Test.ASL_Daily_Success(USA401_Test.java:88)
at java.util.ArrayList.forEach(ArrayList.java:1259)
... Removed 37 stack frames]]>
    </failure>
  </testcase> <!-- ASL_Daily_Success -->
  <testcase name="IML_Daily_Success" time="6.381" classname="Test.USA401_Test">
    <failure type="java.lang.AssertionError" message="No Production">
      <![CDATA[java.lang.AssertionError: No Production
at Test.USA401_Test.IML_Daily_Success(USA401_Test.java:126)
at java.util.ArrayList.forEach(ArrayList.java:1259)
... Removed 37 stack frames]]>
    </failure>
  </testcase> <!-- IML_Daily_Success -->
  <testcase name="COL_Daily_Success" time="6.413" classname="Test.USA401_Test"/>
  <testcase name="APL_Weekly_Success" time="11.621" classname="Test.USA401_Test">
    <failure type="java.lang.AssertionError" message="No Production">
      <![CDATA[java.lang.AssertionError: No Production
at Test.USA401_Test.APL_Weekly_Success(USA401_Test.java:206)
at java.util.ArrayList.forEach(ArrayList.java:1259)
... Removed 37 stack frames]]>
    </failure>
  </testcase> <!-- APL_Weekly_Success -->
  <testcase name="ASL_Weekly_Success" time="10.522" classname="Test.USA401_Test"/>
  <testcase name="IML_Weekly_Success" time="10.448" classname="Test.USA401_Test"/>
  <testcase name="COL_Weekly_Success" time="10.698" classname="Test.USA401_Test"/>
</testsuite> <!-- Command line test -->
